#
# A fatal error has been detected by the Java Runtime Environment:
#
#  EXCEPTION_ACCESS_VIOLATION (0xc0000005) at pc=0x00007ff96577886e, pid=132388, tid=0x00000000000203a8
#
# JRE version: Java(TM) SE Runtime Environment (8.0_221-b11) (build 1.8.0_221-b11)
# Java VM: Java HotSpot(TM) 64-Bit Server VM (25.221-b11 mixed mode windows-amd64 compressed oops)
# Problematic frame:
# C  [lwjgl_stb.dll+0x886e]
#
# Failed to write core dump. Minidumps are not enabled by default on client versions of Windows
#
# If you would like to submit a bug report, please visit:
#   http://bugreport.java.com/bugreport/crash.jsp
# The crash happened outside the Java Virtual Machine in native code.
# See problematic frame for where to report the bug.
#

---------------  T H R E A D  ---------------

Current thread (0x00000000026f4800):  JavaThread "main" [_thread_in_native, id=132008, stack(0x0000000002410000,0x0000000002510000)]

siginfo: ExceptionCode=0xc0000005, reading address 0x0000000000000000

Registers:
RAX=0x0000000000000000, RBX=0x000000000250e240, RCX=0x000000002d58d800, RDX=0x00000000bfebfbff
RSP=0x000000000250e050, RBP=0x0000000000000004, RSI=0x000000000250e240, RDI=0x000000002d58d800
R8 =0x000000002d58d800, R9 =0x000000000000037f, R10=0x0000000000000000, R11=0x000000002d583700
R12=0x000000002908dde0, R13=0x000000002908dde0, R14=0x000000002908dddc, R15=0x000000002908dde4
RIP=0x00007ff96577886e, EFLAGS=0x0000000000010293

Top of Stack: (sp=0x000000000250e050)
0x000000000250e050:   0000000000000000 0000000000004888
0x000000000250e060:   0000000a00000008 0000000000000000
0x000000000250e070:   0000000000000000 00007ff9657742bb
0x000000000250e080:   000000002d58d800 0000000000000006
0x000000000250e090:   00000000026f5280 0000004800000003
0x000000000250e0a0:   00000000026f5658 00000000026f4800
0x000000000250e0b0:   000000002fe02238 00000000026f4800
0x000000000250e0c0:   000000002fe02238 00000000026f4800
0x000000000250e0d0:   0000000066287710 0000000000000000
0x000000000250e0e0:   0000000000000000 0000000000000000
0x000000000250e0f0:   0000000000000000 0000000000000000
0x000000000250e100:   0000000000000000 0000000000000000
0x000000000250e110:   0000000000000000 0000000000000000
0x000000000250e120:   000000000250e0d0 00000000028516a0
0x000000000250e130:   0000000000000000 00000000028516d6
0x000000000250e140:   0000000002851aa0 0000000000000000 

Instructions: (pc=0x00007ff96577886e)
0x00007ff96577884e:   00 00 48 3b 83 c0 00 00 00 72 15 83 7b 30 00 74
0x00007ff96577885e:   79 48 8b cb e8 59 d0 ff ff 48 8b 83 b8 00 00 00
0x00007ff96577886e:   0f b6 08 48 ff c0 48 89 83 b8 00 00 00 80 f9 ff
0x00007ff96577887e:   75 58 48 8b 1f 48 8b 83 b8 00 00 00 48 3b 83 c0 


Register to memory mapping:

RAX=0x0000000000000000 is an unknown value
RBX=0x000000000250e240 is pointing into the stack for thread: 0x00000000026f4800
RCX=0x000000002d58d800 is an unknown value
RDX=0x00000000bfebfbff is an unknown value
RSP=0x000000000250e050 is pointing into the stack for thread: 0x00000000026f4800
RBP=0x0000000000000004 is an unknown value
RSI=0x000000000250e240 is pointing into the stack for thread: 0x00000000026f4800
RDI=0x000000002d58d800 is an unknown value
R8 =0x000000002d58d800 is an unknown value
R9 =0x000000000000037f is an unknown value
R10=0x0000000000000000 is an unknown value
R11=0x000000002d583700 is an unknown value
R12=0x000000002908dde0 is an unknown value
R13=0x000000002908dde0 is an unknown value
R14=0x000000002908dddc is an unknown value
R15=0x000000002908dde4 is an unknown value


Stack: [0x0000000002410000,0x0000000002510000],  sp=0x000000000250e050,  free space=1016k
Native frames: (J=compiled Java code, j=interpreted, Vv=VM code, C=native code)
C  [lwjgl_stb.dll+0x886e]
C  [lwjgl_stb.dll+0x42bb]
C  [lwjgl_stb.dll+0x4cdc]
C  [lwjgl_stb.dll+0x15c38]
C  0x0000000002808c67

Java frames: (J=compiled Java code, j=interpreted, Vv=VM code)
j  org.lwjgl.stb.STBImage.nstbi_load_from_memory(JIJJJI)J+0
j  org.lwjgl.stb.STBImage.stbi_load_from_memory(Ljava/nio/ByteBuffer;Ljava/nio/IntBuffer;Ljava/nio/IntBuffer;Ljava/nio/IntBuffer;I)Ljava/nio/ByteBuffer;+43
j  Texture$Companion.loadTexture(Ljava/lang/String;)I+111
j  Texture.<init>(Ljava/lang/String;)V+11
j  mesh.BlockMesh.<clinit>()V+937
v  ~StubRoutines::call_stub
j  FrameHandler.<init>(LWindow;LMouseInput;)V+99
j  Game.init()V+94
j  Game.run()V+33
j  GameKt.main()V+17
j  GameKt.main([Ljava/lang/String;)V+0
v  ~StubRoutines::call_stub

---------------  P R O C E S S  ---------------

Java Threads: ( => current thread )
  0x00000000272c3000 JavaThread "Service Thread" daemon [_thread_blocked, id=135000, stack(0x0000000028ca0000,0x0000000028da0000)]
  0x0000000027291800 JavaThread "C1 CompilerThread3" daemon [_thread_blocked, id=132368, stack(0x0000000028ba0000,0x0000000028ca0000)]
  0x0000000027287800 JavaThread "C2 CompilerThread2" daemon [_thread_blocked, id=97152, stack(0x0000000028aa0000,0x0000000028ba0000)]
  0x0000000027287000 JavaThread "C2 CompilerThread1" daemon [_thread_blocked, id=133124, stack(0x00000000289a0000,0x0000000028aa0000)]
  0x0000000027283000 JavaThread "C2 CompilerThread0" daemon [_thread_blocked, id=138944, stack(0x00000000288a0000,0x00000000289a0000)]
  0x000000002727f800 JavaThread "Monitor Ctrl-Break" daemon [_thread_in_native, id=132988, stack(0x00000000287a0000,0x00000000288a0000)]
  0x000000002715f800 JavaThread "Attach Listener" daemon [_thread_blocked, id=133208, stack(0x00000000286a0000,0x00000000287a0000)]
  0x000000002715c000 JavaThread "Signal Dispatcher" daemon [_thread_blocked, id=132248, stack(0x00000000285a0000,0x00000000286a0000)]
  0x0000000025a52000 JavaThread "Finalizer" daemon [_thread_blocked, id=122788, stack(0x00000000283a0000,0x00000000284a0000)]
  0x00000000027ee000 JavaThread "Reference Handler" daemon [_thread_blocked, id=136352, stack(0x00000000282a0000,0x00000000283a0000)]
=>0x00000000026f4800 JavaThread "main" [_thread_in_native, id=132008, stack(0x0000000002410000,0x0000000002510000)]

Other Threads:
  0x0000000027122800 VMThread [stack: 0x00000000281a0000,0x00000000282a0000] [id=132264]
  0x000000002739a800 WatcherThread [stack: 0x0000000028da0000,0x0000000028ea0000] [id=140024]

VM state:not at safepoint (normal execution)

VM Mutex/Monitor currently owned by a thread: None

heap address: 0x00000005c1400000, size: 8172 MB, Compressed Oops mode: Zero based, Oop shift amount: 3
Narrow klass base: 0x0000000000000000, Narrow klass shift: 3
Compressed class space size: 1073741824 Address: 0x00000007c0000000

Heap:
 PSYoungGen      total 153088K, used 26337K [0x0000000715c00000, 0x0000000720680000, 0x00000007c0000000)
  eden space 131584K, 20% used [0x0000000715c00000,0x00000007175b8640,0x000000071dc80000)
  from space 21504K, 0% used [0x000000071f180000,0x000000071f180000,0x0000000720680000)
  to   space 21504K, 0% used [0x000000071dc80000,0x000000071dc80000,0x000000071f180000)
 ParOldGen       total 349696K, used 0K [0x00000005c1400000, 0x00000005d6980000, 0x0000000715c00000)
  object space 349696K, 0% used [0x00000005c1400000,0x00000005c1400000,0x00000005d6980000)
 Metaspace       used 10169K, capacity 10385K, committed 10752K, reserved 1058816K
  class space    used 865K, capacity 939K, committed 1024K, reserved 1048576K

Card table byte_map: [0x0000000011bb0000,0x0000000012bb0000] byte_map_base: 0x000000000eda6000

Marking Bits: (ParMarkBitMap*) 0x00000000664c5ce0
 Begin Bits: [0x0000000014060000, 0x000000001c010000)
 End Bits:   [0x000000001c010000, 0x0000000023fc0000)

Polling page: 0x0000000000b50000

CodeCache: size=245760Kb used=2928Kb max_used=2928Kb free=242831Kb
 bounds [0x00000000027f0000, 0x0000000002ad0000, 0x00000000117f0000]
 total_blobs=1625 nmethods=657 adapters=881
 compilation: enabled

Compilation events (10 events):
Event: 0.896 Thread 0x0000000027291800 nmethod 651 0x0000000002aca0d0 code [0x0000000002aca240, 0x0000000002aca550]
Event: 0.896 Thread 0x0000000027291800  652       3       java.nio.HeapByteBuffer::ix (7 bytes)
Event: 0.896 Thread 0x0000000027291800 nmethod 652 0x0000000002aca610 code [0x0000000002aca760, 0x0000000002aca8b0]
Event: 0.896 Thread 0x0000000027291800  653       3       java.nio.DirectByteBuffer::address (5 bytes)
Event: 0.896 Thread 0x0000000027291800 nmethod 653 0x0000000002aca910 code [0x0000000002acaa60, 0x0000000002acabb0]
Event: 0.896 Thread 0x0000000027291800  654       3       sun.nio.ch.FileChannelImpl::ensureOpen (16 bytes)
Event: 0.896 Thread 0x0000000027291800 nmethod 654 0x0000000002acac10 code [0x0000000002acad80, 0x0000000002acb028]
Event: 0.898 Thread 0x0000000027291800  655       3       sun.misc.URLClassPath::access$100 (7 bytes)
Event: 0.898 Thread 0x0000000027291800 nmethod 655 0x0000000002acb110 code [0x0000000002acb280, 0x0000000002acb3e8]
Event: 0.898 Thread 0x0000000027291800  656       3       java.lang.ClassLoader::checkPackageAccess (122 bytes)

GC Heap History (0 events):
No events

Deoptimization events (1 events):
Event: 0.218 Thread 0x00000000026f4800 Uncommon trap: reason=null_check action=make_not_entrant pc=0x000000000297565c method=java.lang.String.equals(Ljava/lang/Object;)Z @ 8

Classes redefined (0 events):
No events

Internal exceptions (10 events):
Event: 0.236 Thread 0x00000000026f4800 Exception <a 'java/security/PrivilegedActionException'> (0x0000000716769960) thrown at [C:\re\workspace\8-2-build-windows-amd64-cygwin\jdk8u221\13320\hotspot\src\share\vm\prims\jvm.cpp, line 1502]
Event: 0.236 Thread 0x00000000026f4800 Exception <a 'java/security/PrivilegedActionException'> (0x0000000716769b70) thrown at [C:\re\workspace\8-2-build-windows-amd64-cygwin\jdk8u221\13320\hotspot\src\share\vm\prims\jvm.cpp, line 1502]
Event: 0.251 Thread 0x00000000026f4800 Exception <a 'sun/nio/fs/WindowsException'> (0x00000007168289f0) thrown at [C:\re\workspace\8-2-build-windows-amd64-cygwin\jdk8u221\13320\hotspot\src\share\vm\prims\jni.cpp, line 710]
Event: 0.251 Thread 0x00000000026f4800 Exception <a 'sun/nio/fs/WindowsException'> (0x00000007168290a8) thrown at [C:\re\workspace\8-2-build-windows-amd64-cygwin\jdk8u221\13320\hotspot\src\share\vm\prims\jni.cpp, line 710]
Event: 0.606 Thread 0x00000000026f4800 Exception <a 'sun/nio/fs/WindowsException'> (0x00000007168fa530) thrown at [C:\re\workspace\8-2-build-windows-amd64-cygwin\jdk8u221\13320\hotspot\src\share\vm\prims\jni.cpp, line 710]
Event: 0.606 Thread 0x00000000026f4800 Exception <a 'sun/nio/fs/WindowsException'> (0x00000007168fac48) thrown at [C:\re\workspace\8-2-build-windows-amd64-cygwin\jdk8u221\13320\hotspot\src\share\vm\prims\jni.cpp, line 710]
Event: 0.609 Thread 0x00000000026f4800 Exception <a 'sun/nio/fs/WindowsException'> (0x0000000716904570) thrown at [C:\re\workspace\8-2-build-windows-amd64-cygwin\jdk8u221\13320\hotspot\src\share\vm\prims\jni.cpp, line 710]
Event: 0.609 Thread 0x00000000026f4800 Exception <a 'sun/nio/fs/WindowsException'> (0x0000000716904b40) thrown at [C:\re\workspace\8-2-build-windows-amd64-cygwin\jdk8u221\13320\hotspot\src\share\vm\prims\jni.cpp, line 710]
Event: 0.896 Thread 0x00000000026f4800 Exception <a 'sun/nio/fs/WindowsException'> (0x00000007175821f0) thrown at [C:\re\workspace\8-2-build-windows-amd64-cygwin\jdk8u221\13320\hotspot\src\share\vm\prims\jni.cpp, line 710]
Event: 0.896 Thread 0x00000000026f4800 Exception <a 'sun/nio/fs/WindowsException'> (0x00000007175828d0) thrown at [C:\re\workspace\8-2-build-windows-amd64-cygwin\jdk8u221\13320\hotspot\src\share\vm\prims\jni.cpp, line 710]

Events (10 events):
Event: 0.888 loading class Texture$Companion
Event: 0.888 loading class Texture$Companion done
Event: 0.889 loading class kotlin/io/ByteStreamsKt
Event: 0.889 loading class kotlin/io/ByteStreamsKt done
Event: 0.890 loading class java/io/ByteArrayOutputStream
Event: 0.890 loading class java/io/ByteArrayOutputStream done
Event: 0.890 loading class org/lwjgl/stb/STBImage
Event: 0.890 loading class org/lwjgl/stb/STBImage done
Event: 0.891 loading class org/lwjgl/stb/LibSTB
Event: 0.891 loading class org/lwjgl/stb/LibSTB done


Dynamic libraries:
0x00007ff711ae0000 - 0x00007ff711b17000 	C:\Program Files\Java\jdk1.8.0_221\bin\java.exe
0x00007ff9c95d0000 - 0x00007ff9c97c5000 	C:\WINDOWS\SYSTEM32\ntdll.dll
0x00007ff9964c0000 - 0x00007ff9964d3000 	C:\Program Files (x86)\AVG\Antivirus\aswhook.dll
0x00007ff9c94d0000 - 0x00007ff9c958d000 	C:\WINDOWS\System32\KERNEL32.DLL
0x00007ff9c71c0000 - 0x00007ff9c7488000 	C:\WINDOWS\System32\KERNELBASE.dll
0x00007ff9c7710000 - 0x00007ff9c77bc000 	C:\WINDOWS\System32\ADVAPI32.dll
0x00007ff9c7be0000 - 0x00007ff9c7c7e000 	C:\WINDOWS\System32\msvcrt.dll
0x00007ff9c7d90000 - 0x00007ff9c7e2b000 	C:\WINDOWS\System32\sechost.dll
0x00007ff9c87c0000 - 0x00007ff9c88eb000 	C:\WINDOWS\System32\RPCRT4.dll
0x00007ff9c8d70000 - 0x00007ff9c8f10000 	C:\WINDOWS\System32\USER32.dll
0x00007ff9c6da0000 - 0x00007ff9c6dc2000 	C:\WINDOWS\System32\win32u.dll
0x00007ff9c8040000 - 0x00007ff9c806a000 	C:\WINDOWS\System32\GDI32.dll
0x00007ff9c6f30000 - 0x00007ff9c703b000 	C:\WINDOWS\System32\gdi32full.dll
0x00007ff9c7490000 - 0x00007ff9c752d000 	C:\WINDOWS\System32\msvcp_win.dll
0x00007ff9c7530000 - 0x00007ff9c7630000 	C:\WINDOWS\System32\ucrtbase.dll
0x00007ff9ad2c0000 - 0x00007ff9ad55a000 	C:\WINDOWS\WinSxS\amd64_microsoft.windows.common-controls_6595b64144ccf1df_6.0.19041.844_none_ca00b6081b84eb1d\COMCTL32.dll
0x00007ff9c90a0000 - 0x00007ff9c90d0000 	C:\WINDOWS\System32\IMM32.DLL
0x0000000066940000 - 0x0000000066a12000 	C:\Program Files\Java\jdk1.8.0_221\jre\bin\msvcr100.dll
0x0000000065ca0000 - 0x0000000066545000 	C:\Program Files\Java\jdk1.8.0_221\jre\bin\server\jvm.dll
0x00007ff9c7b20000 - 0x00007ff9c7b28000 	C:\WINDOWS\System32\PSAPI.DLL
0x00007ff9c11f0000 - 0x00007ff9c11fa000 	C:\WINDOWS\SYSTEM32\VERSION.dll
0x00007ff9b5720000 - 0x00007ff9b5729000 	C:\WINDOWS\SYSTEM32\WSOCK32.dll
0x00007ff9b9a40000 - 0x00007ff9b9a67000 	C:\WINDOWS\SYSTEM32\WINMM.dll
0x00007ff9c9460000 - 0x00007ff9c94cb000 	C:\WINDOWS\System32\WS2_32.dll
0x00007ff9b6870000 - 0x00007ff9b687f000 	C:\Program Files\Java\jdk1.8.0_221\jre\bin\verify.dll
0x00007ff9b6580000 - 0x00007ff9b65a9000 	C:\Program Files\Java\jdk1.8.0_221\jre\bin\java.dll
0x00007ff9b0080000 - 0x00007ff9b00a3000 	C:\Program Files\Java\jdk1.8.0_221\jre\bin\instrument.dll
0x00007ff9b6310000 - 0x00007ff9b6326000 	C:\Program Files\Java\jdk1.8.0_221\jre\bin\zip.dll
0x00007ff9c8070000 - 0x00007ff9c87b2000 	C:\WINDOWS\System32\SHELL32.dll
0x00007ff9c4e60000 - 0x00007ff9c55f0000 	C:\WINDOWS\SYSTEM32\windows.storage.dll
0x00007ff9c77c0000 - 0x00007ff9c7b15000 	C:\WINDOWS\System32\combase.dll
0x00007ff9c6780000 - 0x00007ff9c67ac000 	C:\WINDOWS\SYSTEM32\Wldp.dll
0x00007ff9c7b30000 - 0x00007ff9c7bde000 	C:\WINDOWS\System32\SHCORE.dll
0x00007ff9c9040000 - 0x00007ff9c9095000 	C:\WINDOWS\System32\shlwapi.dll
0x00007ff9c6c50000 - 0x00007ff9c6c6f000 	C:\WINDOWS\SYSTEM32\profapi.dll
0x00007ff99def0000 - 0x00007ff99df0a000 	C:\Program Files\JetBrains\IntelliJ IDEA Community Edition 2020.1.2\bin\breakgen64.dll
0x00007ff9b59d0000 - 0x00007ff9b59ea000 	C:\Program Files\Java\jdk1.8.0_221\jre\bin\net.dll
0x00007ff9b9390000 - 0x00007ff9b957e000 	C:\WINDOWS\SYSTEM32\urlmon.dll
0x00007ff9b9790000 - 0x00007ff9b9a40000 	C:\WINDOWS\SYSTEM32\iertutil.dll
0x00007ff9c64f0000 - 0x00007ff9c655a000 	C:\WINDOWS\system32\mswsock.dll
0x00007ff996400000 - 0x00007ff996412000 	C:\Program Files\Java\jdk1.8.0_221\jre\bin\nio.dll
0x00007ff98a6c0000 - 0x00007ff98a724000 	C:\Users\Ori\AppData\Local\Temp\lwjglOri\3.2.3-build-13\lwjgl.dll
0x00007ff97e3e0000 - 0x00007ff97e442000 	C:\Users\Ori\AppData\Local\Temp\lwjglOri\3.2.3-build-13\glfw.dll
0x00007ff9c47a0000 - 0x00007ff9c483e000 	C:\WINDOWS\system32\uxtheme.dll
0x00007ff97dc30000 - 0x00007ff97dc75000 	C:\WINDOWS\SYSTEM32\dinput8.dll
0x00007ff99dc20000 - 0x00007ff99dc31000 	C:\WINDOWS\SYSTEM32\xinput1_4.dll
0x00007ff9c70f0000 - 0x00007ff9c713e000 	C:\WINDOWS\System32\cfgmgr32.dll
0x00007ff9c6ac0000 - 0x00007ff9c6aec000 	C:\WINDOWS\SYSTEM32\DEVOBJ.dll
0x00007ff9c4970000 - 0x00007ff9c499f000 	C:\WINDOWS\SYSTEM32\dwmapi.dll
0x00007ff9bd6c0000 - 0x00007ff9bd812000 	C:\WINDOWS\SYSTEM32\inputhost.dll
0x00007ff9c7640000 - 0x00007ff9c770d000 	C:\WINDOWS\System32\OLEAUT32.dll
0x00007ff9c2bf0000 - 0x00007ff9c2d44000 	C:\WINDOWS\SYSTEM32\wintypes.dll
0x00007ff9c43b0000 - 0x00007ff9c44a2000 	C:\WINDOWS\SYSTEM32\CoreMessaging.dll
0x00007ff9c2930000 - 0x00007ff9c2a27000 	C:\WINDOWS\SYSTEM32\PROPSYS.dll
0x00007ff9c7140000 - 0x00007ff9c71c0000 	C:\WINDOWS\System32\bcryptPrimitives.dll
0x00007ff9c4030000 - 0x00007ff9c438e000 	C:\WINDOWS\SYSTEM32\CoreUIComponents.dll
0x00007ff9c5a30000 - 0x00007ff9c5a63000 	C:\WINDOWS\SYSTEM32\ntmarta.dll
0x00007ff9c4c60000 - 0x00007ff9c4c72000 	C:\WINDOWS\SYSTEM32\kernel.appcore.dll
0x00007ff9c9150000 - 0x00007ff9c9265000 	C:\WINDOWS\System32\MSCTF.dll
0x00007ff9c55f0000 - 0x00007ff9c55fd000 	C:\WINDOWS\SYSTEM32\HID.DLL
0x00007ff9c88f0000 - 0x00007ff9c8d59000 	C:\WINDOWS\System32\SETUPAPI.DLL
0x00007ff9c6d10000 - 0x00007ff9c6d37000 	C:\WINDOWS\System32\bcrypt.dll
0x00007ff9c6d40000 - 0x00007ff9c6da0000 	C:\WINDOWS\System32\WINTRUST.dll
0x00007ff9c6dd0000 - 0x00007ff9c6f2f000 	C:\WINDOWS\System32\CRYPT32.dll
0x00007ff9c6900000 - 0x00007ff9c6912000 	C:\WINDOWS\SYSTEM32\MSASN1.dll
0x00007ff964050000 - 0x00007ff964176000 	C:\WINDOWS\SYSTEM32\opengl32.dll
0x00007ff964020000 - 0x00007ff96404c000 	C:\WINDOWS\SYSTEM32\GLU32.dll
0x00007ff9c93b0000 - 0x00007ff9c9459000 	C:\WINDOWS\System32\clbcatq.dll
0x00007ff934020000 - 0x00007ff9369b9000 	C:\WINDOWS\System32\DriverStore\FileRepository\nv_dispi.inf_amd64_60daf66a00f2e0b6\nvoglv64.dll
0x00007ff9c8f10000 - 0x00007ff9c903a000 	C:\WINDOWS\System32\ole32.dll
0x00007ff9c2a90000 - 0x00007ff9c2aa4000 	C:\WINDOWS\SYSTEM32\WTSAPI32.dll
0x00007ff9c1180000 - 0x00007ff9c11b1000 	C:\WINDOWS\SYSTEM32\cryptnet.dll
0x00007ff9c66e0000 - 0x00007ff9c66ec000 	C:\WINDOWS\SYSTEM32\cryptbase.dll
0x00007ff9bdcc0000 - 0x00007ff9bdcfb000 	C:\WINDOWS\SYSTEM32\dxcore.dll
0x00007ff9703f0000 - 0x00007ff97069e000 	C:\WINDOWS\system32\nvspcap64.dll
0x00007ff9c62f0000 - 0x00007ff9c633b000 	C:\WINDOWS\SYSTEM32\powrprof.dll
0x00007ff9c6170000 - 0x00007ff9c6182000 	C:\WINDOWS\SYSTEM32\UMPDC.dll
0x00007ff9c5ae0000 - 0x00007ff9c5b3a000 	C:\WINDOWS\SYSTEM32\WINSTA.dll
0x00007ff9bd820000 - 0x00007ff9bd919000 	C:\WINDOWS\SYSTEM32\textinputframework.dll
0x00007ff96f250000 - 0x00007ff96f2a9000 	C:\Users\Ori\AppData\Local\Temp\lwjglOri\3.2.3-build-13\lwjgl_opengl.dll
0x00007ff965770000 - 0x00007ff9657e7000 	C:\Users\Ori\AppData\Local\Temp\lwjglOri\3.2.3-build-13\lwjgl_stb.dll
0x00007ff9bfc90000 - 0x00007ff9bfe74000 	C:\WINDOWS\SYSTEM32\dbghelp.dll

VM Arguments:
jvm_args: -javaagent:C:\Program Files\JetBrains\IntelliJ IDEA Community Edition 2020.1.2\lib\idea_rt.jar=58521:C:\Program Files\JetBrains\IntelliJ IDEA Community Edition 2020.1.2\bin -Dfile.encoding=UTF-8 
java_command: GameKt
java_class_path (initial): C:\Program Files\Java\jdk1.8.0_221\jre\lib\charsets.jar;C:\Program Files\Java\jdk1.8.0_221\jre\lib\deploy.jar;C:\Program Files\Java\jdk1.8.0_221\jre\lib\ext\access-bridge-64.jar;C:\Program Files\Java\jdk1.8.0_221\jre\lib\ext\cldrdata.jar;C:\Program Files\Java\jdk1.8.0_221\jre\lib\ext\dnsns.jar;C:\Program Files\Java\jdk1.8.0_221\jre\lib\ext\jaccess.jar;C:\Program Files\Java\jdk1.8.0_221\jre\lib\ext\jfxrt.jar;C:\Program Files\Java\jdk1.8.0_221\jre\lib\ext\localedata.jar;C:\Program Files\Java\jdk1.8.0_221\jre\lib\ext\nashorn.jar;C:\Program Files\Java\jdk1.8.0_221\jre\lib\ext\sunec.jar;C:\Program Files\Java\jdk1.8.0_221\jre\lib\ext\sunjce_provider.jar;C:\Program Files\Java\jdk1.8.0_221\jre\lib\ext\sunmscapi.jar;C:\Program Files\Java\jdk1.8.0_221\jre\lib\ext\sunpkcs11.jar;C:\Program Files\Java\jdk1.8.0_221\jre\lib\ext\zipfs.jar;C:\Program Files\Java\jdk1.8.0_221\jre\lib\javaws.jar;C:\Program Files\Java\jdk1.8.0_221\jre\lib\jce.jar;C:\Program Files\Java\jdk1.8.0_221\jre\lib\jfr.jar;C:\Program Files\Java\jdk1.8.0_221\jre\lib\jfxswt.jar;C:\Program Files\Java\jdk1.8.0_221\jre\lib\jsse.jar;C:\Program Files\Java\jdk1.8.0_221\jre\lib\management-agent.jar;C:\Program Files\Java\jdk1.8.0_221\jre\lib\plugin.jar;C:\Program Files\Java\jdk1.8.0_221\jre\lib\resources.jar;C:\Program Files\Java\jdk1.8.0_221\jre\lib\rt.jar;C:\Users\Ori\Desktop\Development\Minecraft\target\classes;C:\Users\Ori\.m2\repository\org\joml\joml\1.10.0\joml-1.10.0.jar;C:\Users\Ori\.m2\repository\org\lwjgl\lwjgl-stb\3.2.3\lwjgl-stb-3.2.3.jar;C:\Users\Ori\.m2\repository\org\lwjgl\lwjgl\3.2.3\lwjgl-3.2.3.jar;C:\Users\Ori\.m2\repository\org\lwjgl\lwjgl-glfw\3.2.3\lwjgl-glfw-3.2.3.jar;C:\Users\Ori\.m2\repository\org\lwjgl\lwjgl-opengl\3.2.3\lwjgl-opengl-3.2.3.jar;C:\Users\Ori\.m2\repository\org\lwjgl\lwjgl\3.2.3\lwjgl-3.2.3-natives-windows.jar;C:\Users\Ori\.m2\repository\org\lwjgl\lwjgl-glfw\3.2.3\lwjgl-glfw-3.2.3-natives-windows.jar;C:\Users\Ori\.m2\repository\org\lwjgl\lwjgl-opengl\3.2.3
Launcher Type: SUN_STANDARD

Environment Variables:
JAVA_HOME=C:\Program Files\Java\jdk1.8.0_221
JRE_HOME=C:\Program Files\Java\jre1.8.0_201
USERNAME=Ori
OS=Windows_NT
PROCESSOR_IDENTIFIER=Intel64 Family 6 Model 158 Stepping 10, GenuineIntel



---------------  S Y S T E M  ---------------

OS: Windows 10.0 , 64 bit Build 19041 (10.0.19041.928)

CPU:total 12 (initial active 12) (6 cores per cpu, 2 threads per core) family 6 model 158 stepping 10, cmov, cx8, fxsr, mmx, sse, sse2, sse3, ssse3, sse4.1, sse4.2, popcnt, avx, avx2, aes, clmul, erms, rtm, 3dnowpref, lzcnt, ht, tsc, tscinvbit, bmi1, bmi2, adx

Memory: 4k page, physical 33465704k(15901448k free), swap 38446440k(7418092k free)

vm_info: Java HotSpot(TM) 64-Bit Server VM (25.221-b11) for windows-amd64 JRE (1.8.0_221-b11), built on Jul  4 2019 04:39:29 by "java_re" with MS VC++ 10.0 (VS2010)

time: Wed May 19 15:34:50 2021
timezone: Jerusalem Daylight Time
elapsed time: 0 seconds (0d 0h 0m 0s)

