#
# A fatal error has been detected by the Java Runtime Environment:
#
#  EXCEPTION_ACCESS_VIOLATION (0xc0000005) at pc=0x000000003039ff02, pid=72308, tid=0x0000000000014fd8
#
# JRE version: Java(TM) SE Runtime Environment (8.0_221-b11) (build 1.8.0_221-b11)
# Java VM: Java HotSpot(TM) 64-Bit Server VM (25.221-b11 mixed mode windows-amd64 compressed oops)
# Problematic frame:
# C  0x000000003039ff02
#
# Failed to write core dump. Minidumps are not enabled by default on client versions of Windows
#
# If you would like to submit a bug report, please visit:
#   http://bugreport.java.com/bugreport/crash.jsp
#

---------------  T H R E A D  ---------------

Current thread is native thread

siginfo: ExceptionCode=0xc0000005, reading address 0x0000000000000000

Registers:
RAX=0x000000002bbac174, RBX=0x000000002ded0000, RCX=0x0000000000000000, RDX=0x000000002dd73104
RSP=0x000000002b0fdc70, RBP=0x000000003f000000, RSI=0x0000000000000000, RDI=0x000000003f000000
R8 =0x000000002dd73100, R9 =0x000000000000000c, R10=0x000000002df52a10, R11=0x000000002dd73130
R12=0x000000000000000c, R13=0x00000000000000f0, R14=0x0000000000000000, R15=0x000000002bbac174
RIP=0x000000003039ff02, EFLAGS=0x0000000000010202

Top of Stack: (sp=0x000000002b0fdc70)
0x000000002b0fdc70:   00000000043b4264 000000002dae7770
0x000000002b0fdc80:   000000000000000c 0000000000000000
0x000000002b0fdc90:   000000002ded0000 00007ff934e95ec8
0x000000002b0fdca0:   00000000000000f0 000000002ded0000
0x000000002b0fdcb0:   000000000000000c 00000000000000f0
0x000000002b0fdcc0:   0000000000000001 0000000000000008
0x000000002b0fdcd0:   00007ff934eaaf70 00007ff934eaaf70
0x000000002b0fdce0:   0000000000000000 000000002bbac174
0x000000002b0fdcf0:   0000000000000000 0000000000000000
0x000000002b0fdd00:   000000002dd73100 000000000000000c
0x000000002b0fdd10:   000000003039fe80 000000002dd8c9f8
0x000000002b0fdd20:   0000000000000000 000000002dae7770
0x000000002b0fdd30:   0000000000000000 0000000000000000
0x000000002b0fdd40:   0000000000000001 000000002ddae820
0x000000002b0fdd50:   00007ff934eaaf70 00007ff934eaaf70
0x000000002b0fdd60:   000000002dd8fd40 00007ff934c84f94 

Instructions: (pc=0x000000003039ff02)
0x000000003039fee2:   68 04 8b 7e 08 89 78 08 48 be 50 c7 f2 2d 00 00
0x000000003039fef2:   00 00 48 8b 36 48 8b b6 38 03 00 00 48 8d 34 ce
0x000000003039ff02:   8b 3e 8b 6e 04 89 78 0c 89 68 10 48 83 c0 14 49
0x000000003039ff12:   3b d3 75 95 48 8b 7c 24 08 48 8b 74 24 10 48 8b 


Register to memory mapping:

RAX=0x000000002bbac174 is an unknown value
RBX=0x000000002ded0000 is an unknown value
RCX=0x0000000000000000 is an unknown value
RDX=0x000000002dd73104 is an unknown value
RSP=0x000000002b0fdc70 is an unknown value
RBP=0x000000003f000000 is an unknown value
RSI=0x0000000000000000 is an unknown value
RDI=0x000000003f000000 is an unknown value
R8 =0x000000002dd73100 is an unknown value
R9 =0x000000000000000c is an unknown value
R10=0x000000002df52a10 is an unknown value
R11=0x000000002dd73130 is an unknown value
R12=0x000000000000000c is an unknown value
R13=0x00000000000000f0 is an unknown value
R14=0x0000000000000000 is an unknown value
R15=0x000000002bbac174 is an unknown value


Stack: [0x000000002b000000,0x000000002b100000],  sp=0x000000002b0fdc70,  free space=1015k
Native frames: (J=compiled Java code, j=interpreted, Vv=VM code, C=native code)
C  0x000000003039ff02


---------------  P R O C E S S  ---------------

VM state:not at safepoint (normal execution)

VM Mutex/Monitor currently owned by a thread: None

heap address: 0x00000005c1400000, size: 8172 MB, Compressed Oops mode: Zero based, Oop shift amount: 3
Narrow klass base: 0x0000000000000000, Narrow klass shift: 3
Compressed class space size: 1073741824 Address: 0x00000007c0000000

Heap:
 PSYoungGen      total 153088K, used 34281K [0x0000000715c00000, 0x0000000720680000, 0x00000007c0000000)
  eden space 131584K, 26% used [0x0000000715c00000,0x0000000717d7a568,0x000000071dc80000)
  from space 21504K, 0% used [0x000000071f180000,0x000000071f180000,0x0000000720680000)
  to   space 21504K, 0% used [0x000000071dc80000,0x000000071dc80000,0x000000071f180000)
 ParOldGen       total 349696K, used 0K [0x00000005c1400000, 0x00000005d6980000, 0x0000000715c00000)
  object space 349696K, 0% used [0x00000005c1400000,0x00000005c1400000,0x00000005d6980000)
 Metaspace       used 11963K, capacity 12209K, committed 12416K, reserved 1060864K
  class space    used 941K, capacity 1035K, committed 1152K, reserved 1048576K

Card table byte_map: [0x0000000012490000,0x0000000013490000] byte_map_base: 0x000000000f686000

Marking Bits: (ParMarkBitMap*) 0x00000000664c5ce0
 Begin Bits: [0x0000000014940000, 0x000000001c8f0000)
 End Bits:   [0x000000001c8f0000, 0x00000000248a0000)

Polling page: 0x0000000002bf0000

CodeCache: size=245760Kb used=3017Kb max_used=3029Kb free=242742Kb
 bounds [0x00000000030d0000, 0x00000000033d0000, 0x00000000120d0000]
 total_blobs=1702 nmethods=683 adapters=932
 compilation: enabled

Compilation events (10 events):
Event: 0.964 Thread 0x0000000027ab1000  658       3       java.lang.ref.SoftReference::<init> (13 bytes)
Event: 0.965 Thread 0x0000000027ab1000 nmethod 658 0x00000000033b2c10 code [0x00000000033b2d80, 0x00000000033b3070]
Event: 0.974 Thread 0x0000000027ab1000  659       3       java.lang.Integer::stringSize (21 bytes)
Event: 0.974 Thread 0x0000000027ab1000 nmethod 659 0x00000000033b3790 code [0x00000000033b3900, 0x00000000033b3b10]
Event: 0.974 Thread 0x0000000027ab1000  660       3       java.lang.Integer::getChars (131 bytes)
Event: 0.974 Thread 0x0000000027ab1000 nmethod 660 0x00000000033b3c10 code [0x00000000033b3da0, 0x00000000033b4210]
Event: 0.980 Thread 0x0000000027ab1000  661       3       java.io.FilterInputStream::<init> (10 bytes)
Event: 0.980 Thread 0x0000000027ab1000 nmethod 661 0x00000000033b4a50 code [0x00000000033b4bc0, 0x00000000033b4e10]
Event: 0.980 Thread 0x0000000027aa7800  662       4       sun.net.www.ParseUtil::encodePath (336 bytes)
Event: 0.985 Thread 0x0000000027aa7800 nmethod 662 0x00000000033b8c50 code [0x00000000033b8de0, 0x00000000033b9708]

GC Heap History (0 events):
No events

Deoptimization events (1 events):
Event: 0.210 Thread 0x0000000002fd4800 Uncommon trap: reason=null_check action=make_not_entrant pc=0x000000000324f81c method=java.lang.String.equals(Ljava/lang/Object;)Z @ 8

Classes redefined (0 events):
No events

Internal exceptions (10 events):
Event: 0.229 Thread 0x0000000002fd4800 Exception <a 'java/security/PrivilegedActionException'> (0x0000000716769c58) thrown at [C:\re\workspace\8-2-build-windows-amd64-cygwin\jdk8u221\13320\hotspot\src\share\vm\prims\jvm.cpp, line 1502]
Event: 0.229 Thread 0x0000000002fd4800 Exception <a 'java/security/PrivilegedActionException'> (0x0000000716769e68) thrown at [C:\re\workspace\8-2-build-windows-amd64-cygwin\jdk8u221\13320\hotspot\src\share\vm\prims\jvm.cpp, line 1502]
Event: 0.244 Thread 0x0000000002fd4800 Exception <a 'sun/nio/fs/WindowsException'> (0x0000000716828ce8) thrown at [C:\re\workspace\8-2-build-windows-amd64-cygwin\jdk8u221\13320\hotspot\src\share\vm\prims\jni.cpp, line 710]
Event: 0.244 Thread 0x0000000002fd4800 Exception <a 'sun/nio/fs/WindowsException'> (0x00000007168293a0) thrown at [C:\re\workspace\8-2-build-windows-amd64-cygwin\jdk8u221\13320\hotspot\src\share\vm\prims\jni.cpp, line 710]
Event: 0.617 Thread 0x0000000002fd4800 Exception <a 'sun/nio/fs/WindowsException'> (0x00000007168fa320) thrown at [C:\re\workspace\8-2-build-windows-amd64-cygwin\jdk8u221\13320\hotspot\src\share\vm\prims\jni.cpp, line 710]
Event: 0.617 Thread 0x0000000002fd4800 Exception <a 'sun/nio/fs/WindowsException'> (0x00000007168faa38) thrown at [C:\re\workspace\8-2-build-windows-amd64-cygwin\jdk8u221\13320\hotspot\src\share\vm\prims\jni.cpp, line 710]
Event: 0.619 Thread 0x0000000002fd4800 Exception <a 'sun/nio/fs/WindowsException'> (0x0000000716904360) thrown at [C:\re\workspace\8-2-build-windows-amd64-cygwin\jdk8u221\13320\hotspot\src\share\vm\prims\jni.cpp, line 710]
Event: 0.619 Thread 0x0000000002fd4800 Exception <a 'sun/nio/fs/WindowsException'> (0x0000000716904930) thrown at [C:\re\workspace\8-2-build-windows-amd64-cygwin\jdk8u221\13320\hotspot\src\share\vm\prims\jni.cpp, line 710]
Event: 0.918 Thread 0x0000000002fd4800 Exception <a 'sun/nio/fs/WindowsException'> (0x000000071754ed48) thrown at [C:\re\workspace\8-2-build-windows-amd64-cygwin\jdk8u221\13320\hotspot\src\share\vm\prims\jni.cpp, line 710]
Event: 0.918 Thread 0x0000000002fd4800 Exception <a 'sun/nio/fs/WindowsException'> (0x000000071754f428) thrown at [C:\re\workspace\8-2-build-windows-amd64-cygwin\jdk8u221\13320\hotspot\src\share\vm\prims\jni.cpp, line 710]

Events (10 events):
Event: 0.983 loading class org/joml/Quaternionfc
Event: 0.983 loading class org/joml/Quaternionfc done
Event: 0.986 loading class org/joml/Math
Event: 0.986 loading class org/joml/Math done
Event: 0.987 loading class org/joml/Runtime
Event: 0.987 loading class org/joml/Runtime done
Event: 0.988 loading class java/lang/NumberFormatException
Event: 0.988 loading class java/lang/NumberFormatException done
Event: 0.988 loading class java/util/Collections$1
Event: 0.988 loading class java/util/Collections$1 done


Dynamic libraries:
0x00007ff711ae0000 - 0x00007ff711b17000 	C:\Program Files\Java\jdk1.8.0_221\bin\java.exe
0x00007ff9c95d0000 - 0x00007ff9c97c5000 	C:\WINDOWS\SYSTEM32\ntdll.dll
0x00007ff9964c0000 - 0x00007ff9964d3000 	C:\Program Files (x86)\AVG\Antivirus\aswhook.dll
0x00007ff9c94d0000 - 0x00007ff9c958d000 	C:\WINDOWS\System32\KERNEL32.DLL
0x00007ff9c71c0000 - 0x00007ff9c7488000 	C:\WINDOWS\System32\KERNELBASE.dll
0x00007ff9c7710000 - 0x00007ff9c77bc000 	C:\WINDOWS\System32\ADVAPI32.dll
0x00007ff9c7be0000 - 0x00007ff9c7c7e000 	C:\WINDOWS\System32\msvcrt.dll
0x00007ff9c7d90000 - 0x00007ff9c7e2b000 	C:\WINDOWS\System32\sechost.dll
0x00007ff9c87c0000 - 0x00007ff9c88eb000 	C:\WINDOWS\System32\RPCRT4.dll
0x00007ff9c8d70000 - 0x00007ff9c8f10000 	C:\WINDOWS\System32\USER32.dll
0x00007ff9c6da0000 - 0x00007ff9c6dc2000 	C:\WINDOWS\System32\win32u.dll
0x00007ff9c8040000 - 0x00007ff9c806a000 	C:\WINDOWS\System32\GDI32.dll
0x00007ff9c6f30000 - 0x00007ff9c703b000 	C:\WINDOWS\System32\gdi32full.dll
0x00007ff9c7490000 - 0x00007ff9c752d000 	C:\WINDOWS\System32\msvcp_win.dll
0x00007ff9c7530000 - 0x00007ff9c7630000 	C:\WINDOWS\System32\ucrtbase.dll
0x00007ff9ad2c0000 - 0x00007ff9ad55a000 	C:\WINDOWS\WinSxS\amd64_microsoft.windows.common-controls_6595b64144ccf1df_6.0.19041.844_none_ca00b6081b84eb1d\COMCTL32.dll
0x00007ff9c90a0000 - 0x00007ff9c90d0000 	C:\WINDOWS\System32\IMM32.DLL
0x0000000066940000 - 0x0000000066a12000 	C:\Program Files\Java\jdk1.8.0_221\jre\bin\msvcr100.dll
0x0000000065ca0000 - 0x0000000066545000 	C:\Program Files\Java\jdk1.8.0_221\jre\bin\server\jvm.dll
0x00007ff9c7b20000 - 0x00007ff9c7b28000 	C:\WINDOWS\System32\PSAPI.DLL
0x00007ff9c11f0000 - 0x00007ff9c11fa000 	C:\WINDOWS\SYSTEM32\VERSION.dll
0x00007ff9b9a40000 - 0x00007ff9b9a67000 	C:\WINDOWS\SYSTEM32\WINMM.dll
0x00007ff9b5720000 - 0x00007ff9b5729000 	C:\WINDOWS\SYSTEM32\WSOCK32.dll
0x00007ff9c9460000 - 0x00007ff9c94cb000 	C:\WINDOWS\System32\WS2_32.dll
0x00007ff9b6870000 - 0x00007ff9b687f000 	C:\Program Files\Java\jdk1.8.0_221\jre\bin\verify.dll
0x00007ff9b6580000 - 0x00007ff9b65a9000 	C:\Program Files\Java\jdk1.8.0_221\jre\bin\java.dll
0x00007ff9871c0000 - 0x00007ff9871e3000 	C:\Program Files\Java\jdk1.8.0_221\jre\bin\instrument.dll
0x00007ff9b6310000 - 0x00007ff9b6326000 	C:\Program Files\Java\jdk1.8.0_221\jre\bin\zip.dll
0x00007ff9c8070000 - 0x00007ff9c87b2000 	C:\WINDOWS\System32\SHELL32.dll
0x00007ff9c4e60000 - 0x00007ff9c55f0000 	C:\WINDOWS\SYSTEM32\windows.storage.dll
0x00007ff9c77c0000 - 0x00007ff9c7b15000 	C:\WINDOWS\System32\combase.dll
0x00007ff9c6780000 - 0x00007ff9c67ac000 	C:\WINDOWS\SYSTEM32\Wldp.dll
0x00007ff9c7b30000 - 0x00007ff9c7bde000 	C:\WINDOWS\System32\SHCORE.dll
0x00007ff9c9040000 - 0x00007ff9c9095000 	C:\WINDOWS\System32\shlwapi.dll
0x00007ff9c6c50000 - 0x00007ff9c6c6f000 	C:\WINDOWS\SYSTEM32\profapi.dll
0x00007ff9b6460000 - 0x00007ff9b647a000 	C:\Program Files\JetBrains\IntelliJ IDEA Community Edition 2020.1.2\bin\breakgen64.dll
0x00007ff9b59d0000 - 0x00007ff9b59ea000 	C:\Program Files\Java\jdk1.8.0_221\jre\bin\net.dll
0x00007ff9b9390000 - 0x00007ff9b957e000 	C:\WINDOWS\SYSTEM32\urlmon.dll
0x00007ff9b9790000 - 0x00007ff9b9a40000 	C:\WINDOWS\SYSTEM32\iertutil.dll
0x00007ff9c64f0000 - 0x00007ff9c655a000 	C:\WINDOWS\system32\mswsock.dll
0x00007ff996400000 - 0x00007ff996412000 	C:\Program Files\Java\jdk1.8.0_221\jre\bin\nio.dll
0x00007ff987150000 - 0x00007ff9871b4000 	C:\Users\Ori\AppData\Local\Temp\lwjglOri\3.2.3-build-13\lwjgl.dll
0x00007ff97e3e0000 - 0x00007ff97e442000 	C:\Users\Ori\AppData\Local\Temp\lwjglOri\3.2.3-build-13\glfw.dll
0x00007ff9c47a0000 - 0x00007ff9c483e000 	C:\WINDOWS\system32\uxtheme.dll
0x00007ff97dc30000 - 0x00007ff97dc75000 	C:\WINDOWS\SYSTEM32\dinput8.dll
0x00007ff9b1c90000 - 0x00007ff9b1ca1000 	C:\WINDOWS\SYSTEM32\xinput1_4.dll
0x00007ff9c70f0000 - 0x00007ff9c713e000 	C:\WINDOWS\System32\cfgmgr32.dll
0x00007ff9c6ac0000 - 0x00007ff9c6aec000 	C:\WINDOWS\SYSTEM32\DEVOBJ.dll
0x00007ff9c4970000 - 0x00007ff9c499f000 	C:\WINDOWS\SYSTEM32\dwmapi.dll
0x00007ff9bd6c0000 - 0x00007ff9bd812000 	C:\WINDOWS\SYSTEM32\inputhost.dll
0x00007ff9c7640000 - 0x00007ff9c770d000 	C:\WINDOWS\System32\OLEAUT32.dll
0x00007ff9c43b0000 - 0x00007ff9c44a2000 	C:\WINDOWS\SYSTEM32\CoreMessaging.dll
0x00007ff9c2bf0000 - 0x00007ff9c2d44000 	C:\WINDOWS\SYSTEM32\wintypes.dll
0x00007ff9c2930000 - 0x00007ff9c2a27000 	C:\WINDOWS\SYSTEM32\PROPSYS.dll
0x00007ff9c4030000 - 0x00007ff9c438e000 	C:\WINDOWS\SYSTEM32\CoreUIComponents.dll
0x00007ff9c7140000 - 0x00007ff9c71c0000 	C:\WINDOWS\System32\bcryptPrimitives.dll
0x00007ff9c5a30000 - 0x00007ff9c5a63000 	C:\WINDOWS\SYSTEM32\ntmarta.dll
0x00007ff9c4c60000 - 0x00007ff9c4c72000 	C:\WINDOWS\SYSTEM32\kernel.appcore.dll
0x00007ff9c9150000 - 0x00007ff9c9265000 	C:\WINDOWS\System32\MSCTF.dll
0x00007ff9c55f0000 - 0x00007ff9c55fd000 	C:\WINDOWS\SYSTEM32\HID.DLL
0x00007ff9c88f0000 - 0x00007ff9c8d59000 	C:\WINDOWS\System32\SETUPAPI.DLL
0x00007ff9c6d10000 - 0x00007ff9c6d37000 	C:\WINDOWS\System32\bcrypt.dll
0x00007ff9c6d40000 - 0x00007ff9c6da0000 	C:\WINDOWS\System32\WINTRUST.dll
0x00007ff9c6dd0000 - 0x00007ff9c6f2f000 	C:\WINDOWS\System32\CRYPT32.dll
0x00007ff9c6900000 - 0x00007ff9c6912000 	C:\WINDOWS\SYSTEM32\MSASN1.dll
0x00007ff964050000 - 0x00007ff964176000 	C:\WINDOWS\SYSTEM32\opengl32.dll
0x00007ff964020000 - 0x00007ff96404c000 	C:\WINDOWS\SYSTEM32\GLU32.dll
0x00007ff9c93b0000 - 0x00007ff9c9459000 	C:\WINDOWS\System32\clbcatq.dll
0x00007ff934020000 - 0x00007ff9369b9000 	C:\WINDOWS\System32\DriverStore\FileRepository\nv_dispi.inf_amd64_60daf66a00f2e0b6\nvoglv64.dll
0x00007ff9c8f10000 - 0x00007ff9c903a000 	C:\WINDOWS\System32\ole32.dll
0x00007ff9c2a90000 - 0x00007ff9c2aa4000 	C:\WINDOWS\SYSTEM32\WTSAPI32.dll
0x00007ff9c1180000 - 0x00007ff9c11b1000 	C:\WINDOWS\SYSTEM32\cryptnet.dll
0x00007ff9c66e0000 - 0x00007ff9c66ec000 	C:\WINDOWS\SYSTEM32\cryptbase.dll
0x00007ff9bdcc0000 - 0x00007ff9bdcfb000 	C:\WINDOWS\SYSTEM32\dxcore.dll
0x00007ff9703f0000 - 0x00007ff97069e000 	C:\WINDOWS\system32\nvspcap64.dll
0x00007ff9c62f0000 - 0x00007ff9c633b000 	C:\WINDOWS\SYSTEM32\powrprof.dll
0x00007ff9c6170000 - 0x00007ff9c6182000 	C:\WINDOWS\SYSTEM32\UMPDC.dll
0x00007ff9c5ae0000 - 0x00007ff9c5b3a000 	C:\WINDOWS\SYSTEM32\WINSTA.dll
0x00007ff9bd820000 - 0x00007ff9bd919000 	C:\WINDOWS\SYSTEM32\textinputframework.dll
0x00007ff97bbb0000 - 0x00007ff97bc09000 	C:\Users\Ori\AppData\Local\Temp\lwjglOri\3.2.3-build-13\lwjgl_opengl.dll
0x00007ff9768b0000 - 0x00007ff976927000 	C:\Users\Ori\AppData\Local\Temp\lwjglOri\3.2.3-build-13\lwjgl_stb.dll
0x00007ff9bfc90000 - 0x00007ff9bfe74000 	C:\WINDOWS\SYSTEM32\dbghelp.dll

VM Arguments:
jvm_args: -javaagent:C:\Program Files\JetBrains\IntelliJ IDEA Community Edition 2020.1.2\lib\idea_rt.jar=59317:C:\Program Files\JetBrains\IntelliJ IDEA Community Edition 2020.1.2\bin -Dfile.encoding=UTF-8 
java_command: GameKt
java_class_path (initial): C:\Program Files\Java\jdk1.8.0_221\jre\lib\charsets.jar;C:\Program Files\Java\jdk1.8.0_221\jre\lib\deploy.jar;C:\Program Files\Java\jdk1.8.0_221\jre\lib\ext\access-bridge-64.jar;C:\Program Files\Java\jdk1.8.0_221\jre\lib\ext\cldrdata.jar;C:\Program Files\Java\jdk1.8.0_221\jre\lib\ext\dnsns.jar;C:\Program Files\Java\jdk1.8.0_221\jre\lib\ext\jaccess.jar;C:\Program Files\Java\jdk1.8.0_221\jre\lib\ext\jfxrt.jar;C:\Program Files\Java\jdk1.8.0_221\jre\lib\ext\localedata.jar;C:\Program Files\Java\jdk1.8.0_221\jre\lib\ext\nashorn.jar;C:\Program Files\Java\jdk1.8.0_221\jre\lib\ext\sunec.jar;C:\Program Files\Java\jdk1.8.0_221\jre\lib\ext\sunjce_provider.jar;C:\Program Files\Java\jdk1.8.0_221\jre\lib\ext\sunmscapi.jar;C:\Program Files\Java\jdk1.8.0_221\jre\lib\ext\sunpkcs11.jar;C:\Program Files\Java\jdk1.8.0_221\jre\lib\ext\zipfs.jar;C:\Program Files\Java\jdk1.8.0_221\jre\lib\javaws.jar;C:\Program Files\Java\jdk1.8.0_221\jre\lib\jce.jar;C:\Program Files\Java\jdk1.8.0_221\jre\lib\jfr.jar;C:\Program Files\Java\jdk1.8.0_221\jre\lib\jfxswt.jar;C:\Program Files\Java\jdk1.8.0_221\jre\lib\jsse.jar;C:\Program Files\Java\jdk1.8.0_221\jre\lib\management-agent.jar;C:\Program Files\Java\jdk1.8.0_221\jre\lib\plugin.jar;C:\Program Files\Java\jdk1.8.0_221\jre\lib\resources.jar;C:\Program Files\Java\jdk1.8.0_221\jre\lib\rt.jar;C:\Users\Ori\Desktop\Development\Minecraft\target\classes;C:\Users\Ori\.m2\repository\org\joml\joml\1.10.0\joml-1.10.0.jar;C:\Users\Ori\.m2\repository\org\lwjgl\lwjgl-stb\3.2.3\lwjgl-stb-3.2.3.jar;C:\Users\Ori\.m2\repository\org\lwjgl\lwjgl\3.2.3\lwjgl-3.2.3.jar;C:\Users\Ori\.m2\repository\org\lwjgl\lwjgl-glfw\3.2.3\lwjgl-glfw-3.2.3.jar;C:\Users\Ori\.m2\repository\org\lwjgl\lwjgl-opengl\3.2.3\lwjgl-opengl-3.2.3.jar;C:\Users\Ori\.m2\repository\org\lwjgl\lwjgl\3.2.3\lwjgl-3.2.3-natives-windows.jar;C:\Users\Ori\.m2\repository\org\lwjgl\lwjgl-glfw\3.2.3\lwjgl-glfw-3.2.3-natives-windows.jar;C:\Users\Ori\.m2\repository\org\lwjgl\lwjgl-opengl\3.2.3
Launcher Type: SUN_STANDARD

Environment Variables:
JAVA_HOME=C:\Program Files\Java\jdk1.8.0_221
JRE_HOME=C:\Program Files\Java\jre1.8.0_201
USERNAME=Ori
OS=Windows_NT
PROCESSOR_IDENTIFIER=Intel64 Family 6 Model 158 Stepping 10, GenuineIntel



---------------  S Y S T E M  ---------------

OS: Windows 10.0 , 64 bit Build 19041 (10.0.19041.928)

CPU:total 12 (initial active 12) (6 cores per cpu, 2 threads per core) family 6 model 158 stepping 10, cmov, cx8, fxsr, mmx, sse, sse2, sse3, ssse3, sse4.1, sse4.2, popcnt, avx, avx2, aes, clmul, erms, rtm, 3dnowpref, lzcnt, ht, tsc, tscinvbit, bmi1, bmi2, adx

Memory: 4k page, physical 33465704k(17445712k free), swap 38446440k(11653860k free)

vm_info: Java HotSpot(TM) 64-Bit Server VM (25.221-b11) for windows-amd64 JRE (1.8.0_221-b11), built on Jul  4 2019 04:39:29 by "java_re" with MS VC++ 10.0 (VS2010)

time: Wed May 19 12:19:24 2021
timezone: Jerusalem Daylight Time
elapsed time: 1 seconds (0d 0h 0m 1s)

